00010000000
00001000000
00111000000
00000000000
00000000000
00000000000
00000000000
00000000000
00000000000
00000000000
00000000000

00000000000
00101000000
00011000000
00010000000
00000000000
00000000000
00000000000
00000000000
00000000000
00000000000
00000000000

00000000000
00001000000
00101000000
00011000000
00000000000
00000000000
00000000000
00000000000
00000000000
00000000000
00000000000

00000000000
00010000000
00001100000
00011000000
00000000000
00000000000
00000000000
00000000000
00000000000
00000000000
00000000000

00000000000
00001000000
00000100000
00011100000
00000000000
00000000000
00000000000
00000000000
00000000000
00000000000
00000000000

00000000000
00000000000
00010100000
00001100000
00001000000
00000000000
00000000000
00000000000
00000000000
00000000000
00000000000

00000000000
00000000000
00000100000
00010100000
00001100000
00000000000
00000000000
00000000000
00000000000
00000000000
00000000000

00000000000
00000000000
00001000000
00000110000
00001100000
00000000000
00000000000
00000000000
00000000000
00000000000
00000000000

00000000000
00000000000
00000100000
00000010000
00001110000
00000000000
00000000000
00000000000
00000000000
00000000000
00000000000

00000000000
00000000000
00000000000
00001010000
00000110000
00000100000
00000000000
00000000000
00000000000
00000000000
00000000000

